# JRE version: OpenJDK Runtime Environment Temurin-17.0.4+8 (17.0.4+8) (build 17.0.4+8)
# Java VM: OpenJDK 64-Bit Server VM Temurin-17.0.4+8 (17.0.4+8, mixed mode, tiered, compressed oops, compressed class ptrs, parallel gc, windows-amd64)
GC Precious Log:
 CPUs: 2 total, 2 available
 Memory: 3899M
 Large Page Support: Disabled
 NUMA Support: Disabled
 Compressed Oops: Enabled (32-bit)
 Alignments: Space 512K, Generation 512K, Heap 2M
 Heap Min Capacity: 100M
 Heap Initial Capacity: 100M
 Heap Max Capacity: 1G
 Pre-touch: Disabled
 Parallel Workers: 2
Heap:
 PSYoungGen      total 2560K, used 595K [0x00000000eab00000, 0x00000000eaf80000, 0x0000000100000000)
  eden space 2048K, 25% used [0x00000000eab00000,0x00000000eab84db0,0x00000000ead00000)
  from space 512K, 12% used [0x00000000eae80000,0x00000000eae90000,0x00000000eaf00000)
  to   space 512K, 0% used [0x00000000eaf00000,0x00000000eaf00000,0x00000000eaf80000)
 ParOldGen       total 266240K, used 263891K [0x00000000c0000000, 0x00000000d0400000, 0x00000000eab00000)
  object space 266240K, 99% used [0x00000000c0000000,0x00000000d01b4c38,0x00000000d0400000)
 Metaspace       used 84527K, committed 85568K, reserved 1130496K
  class space    used 8752K, committed 9216K, reserved 1048576K
GC Heap History (20 events):
Event: 2737.478 GC heap before
{Heap before GC invocations=1390 (full 26):
 PSYoungGen      total 3584K, used 3561K [0x00000000eab00000, 0x00000000eb200000, 0x0000000100000000)
  eden space 3072K, 99% used [0x00000000eab00000,0x00000000eadfff90,0x00000000eae00000)
  from space 512K, 95% used [0x00000000eb080000,0x00000000eb0fa500,0x00000000eb100000)
  to   space 1024K, 0% used [0x00000000eb100000,0x00000000eb100000,0x00000000eb200000)
 ParOldGen       total 266240K, used 251510K [0x00000000c0000000, 0x00000000d0400000, 0x00000000eab00000)
  object space 266240K, 94% used [0x00000000c0000000,0x00000000cf59d9c8,0x00000000d0400000)
 Metaspace       used 84486K, committed 85504K, reserved 1130496K
  class space    used 8745K, committed 9216K, reserved 1048576K
}
Event: 2737.486 GC heap after
{Heap after GC invocations=1390 (full 26):
 PSYoungGen      total 3072K, used 1024K [0x00000000eab00000, 0x00000000eb700000, 0x0000000100000000)
  eden space 2048K, 0% used [0x00000000eab00000,0x00000000eab00000,0x00000000ead00000)
  from space 1024K, 100% used [0x00000000eb100000,0x00000000eb200000,0x00000000eb200000)
  to   space 4096K, 0% used [0x00000000ead00000,0x00000000ead00000,0x00000000eb100000)
 ParOldGen       total 266240K, used 253999K [0x00000000c0000000, 0x00000000d0400000, 0x00000000eab00000)
  object space 266240K, 95% used [0x00000000c0000000,0x00000000cf80bec8,0x00000000d0400000)
 Metaspace       used 84486K, committed 85504K, reserved 1130496K
  class space    used 8745K, committed 9216K, reserved 1048576K
}
Event: 2737.496 GC heap before
{Heap before GC invocations=1391 (full 26):
 PSYoungGen      total 3072K, used 3072K [0x00000000eab00000, 0x00000000eb700000, 0x0000000100000000)
  eden space 2048K, 100% used [0x00000000eab00000,0x00000000ead00000,0x00000000ead00000)
  from space 1024K, 100% used [0x00000000eb100000,0x00000000eb200000,0x00000000eb200000)
  to   space 4096K, 0% used [0x00000000ead00000,0x00000000ead00000,0x00000000eb100000)
 ParOldGen       total 266240K, used 253999K [0x00000000c0000000, 0x00000000d0400000, 0x00000000eab00000)
  object space 266240K, 95% used [0x00000000c0000000,0x00000000cf80bec8,0x00000000d0400000)
 Metaspace       used 84486K, committed 85504K, reserved 1130496K
  class space    used 8745K, committed 9216K, reserved 1048576K
}
Event: 2737.504 GC heap after
{Heap after GC invocations=1391 (full 26):
 PSYoungGen      total 4096K, used 2048K [0x00000000eab00000, 0x00000000eb380000, 0x0000000100000000)
  eden space 2048K, 0% used [0x00000000eab00000,0x00000000eab00000,0x00000000ead00000)
  from space 2048K, 100% used [0x00000000ead00000,0x00000000eaf00000,0x00000000eaf00000)
  to   space 3072K, 0% used [0x00000000eb080000,0x00000000eb080000,0x00000000eb380000)
 ParOldGen       total 266240K, used 255039K [0x00000000c0000000, 0x00000000d0400000, 0x00000000eab00000)
  object space 266240K, 95% used [0x00000000c0000000,0x00000000cf90fec8,0x00000000d0400000)
 Metaspace       used 84486K, committed 85504K, reserved 1130496K
  class space    used 8745K, committed 9216K, reserved 1048576K
}
Event: 2737.557 GC heap before
{Heap before GC invocations=1392 (full 26):
 PSYoungGen      total 4096K, used 3988K [0x00000000eab00000, 0x00000000eb380000, 0x0000000100000000)
  eden space 2048K, 94% used [0x00000000eab00000,0x00000000eace51f0,0x00000000ead00000)
  from space 2048K, 100% used [0x00000000ead00000,0x00000000eaf00000,0x00000000eaf00000)
  to   space 3072K, 0% used [0x00000000eb080000,0x00000000eb080000,0x00000000eb380000)
 ParOldGen       total 266240K, used 255039K [0x00000000c0000000, 0x00000000d0400000, 0x00000000eab00000)
  object space 266240K, 95% used [0x00000000c0000000,0x00000000cf90fec8,0x00000000d0400000)
 Metaspace       used 84486K, committed 85504K, reserved 1130496K
  class space    used 8745K, committed 9216K, reserved 1048576K
}
Event: 2737.563 GC heap after
{Heap after GC invocations=1392 (full 26):
 PSYoungGen      total 3584K, used 672K [0x00000000eab00000, 0x00000000eb180000, 0x0000000100000000)
  eden space 2560K, 0% used [0x00000000eab00000,0x00000000eab00000,0x00000000ead80000)
  from space 1024K, 65% used [0x00000000eb080000,0x00000000eb128000,0x00000000eb180000)
  to   space 1536K, 0% used [0x00000000eae80000,0x00000000eae80000,0x00000000eb000000)
 ParOldGen       total 266240K, used 257063K [0x00000000c0000000, 0x00000000d0400000, 0x00000000eab00000)
  object space 266240K, 96% used [0x00000000c0000000,0x00000000cfb09ec8,0x00000000d0400000)
 Metaspace       used 84486K, committed 85504K, reserved 1130496K
  class space    used 8745K, committed 9216K, reserved 1048576K
}
Event: 2737.863 GC heap before
{Heap before GC invocations=1393 (full 26):
 PSYoungGen      total 3584K, used 3182K [0x00000000eab00000, 0x00000000eb180000, 0x0000000100000000)
  eden space 2560K, 98% used [0x00000000eab00000,0x00000000ead73a10,0x00000000ead80000)
  from space 1024K, 65% used [0x00000000eb080000,0x00000000eb128000,0x00000000eb180000)
  to   space 1536K, 0% used [0x00000000eae80000,0x00000000eae80000,0x00000000eb000000)
 ParOldGen       total 266240K, used 257063K [0x00000000c0000000, 0x00000000d0400000, 0x00000000eab00000)
  object space 266240K, 96% used [0x00000000c0000000,0x00000000cfb09ec8,0x00000000d0400000)
 Metaspace       used 84486K, committed 85504K, reserved 1130496K
  class space    used 8745K, committed 9216K, reserved 1048576K
}
Event: 2737.871 GC heap after
{Heap after GC invocations=1393 (full 26):
 PSYoungGen      total 4096K, used 1536K [0x00000000eab00000, 0x00000000eb280000, 0x0000000100000000)
  eden space 2560K, 0% used [0x00000000eab00000,0x00000000eab00000,0x00000000ead80000)
  from space 1536K, 100% used [0x00000000eae80000,0x00000000eb000000,0x00000000eb000000)
  to   space 2560K, 0% used [0x00000000eb000000,0x00000000eb000000,0x00000000eb280000)
 ParOldGen       total 266240K, used 257775K [0x00000000c0000000, 0x00000000d0400000, 0x00000000eab00000)
  object space 266240K, 96% used [0x00000000c0000000,0x00000000cfbbbec8,0x00000000d0400000)
 Metaspace       used 84486K, committed 85504K, reserved 1130496K
  class space    used 8745K, committed 9216K, reserved 1048576K
}
Event: 2737.904 GC heap before
{Heap before GC invocations=1394 (full 26):
 PSYoungGen      total 4096K, used 4096K [0x00000000eab00000, 0x00000000eb280000, 0x0000000100000000)
  eden space 2560K, 100% used [0x00000000eab00000,0x00000000ead80000,0x00000000ead80000)
  from space 1536K, 100% used [0x00000000eae80000,0x00000000eb000000,0x00000000eb000000)
  to   space 2560K, 0% used [0x00000000eb000000,0x00000000eb000000,0x00000000eb280000)
 ParOldGen       total 266240K, used 257775K [0x00000000c0000000, 0x00000000d0400000, 0x00000000eab00000)
  object space 266240K, 96% used [0x00000000c0000000,0x00000000cfbbbec8,0x00000000d0400000)
 Metaspace       used 84486K, committed 85504K, reserved 1130496K
  class space    used 8745K, committed 9216K, reserved 1048576K
}
Event: 2737.911 GC heap after
{Heap after GC invocations=1394 (full 26):
 PSYoungGen      total 4608K, used 2553K [0x00000000eab00000, 0x00000000eb380000, 0x0000000100000000)
  eden space 2048K, 0% used [0x00000000eab00000,0x00000000eab00000,0x00000000ead00000)
  from space 2560K, 99% used [0x00000000eb000000,0x00000000eb27e430,0x00000000eb280000)
  to   space 3072K, 0% used [0x00000000ead00000,0x00000000ead00000,0x00000000eb000000)
 ParOldGen       total 266240K, used 259319K [0x00000000c0000000, 0x00000000d0400000, 0x00000000eab00000)
  object space 266240K, 97% used [0x00000000c0000000,0x00000000cfd3dec8,0x00000000d0400000)
 Metaspace       used 84486K, committed 85504K, reserved 1130496K
  class space    used 8745K, committed 9216K, reserved 1048576K
}
Event: 2738.040 GC heap before
{Heap before GC invocations=1395 (full 26):
 PSYoungGen      total 4608K, used 4601K [0x00000000eab00000, 0x00000000eb380000, 0x0000000100000000)
  eden space 2048K, 99% used [0x00000000eab00000,0x00000000eacfffd8,0x00000000ead00000)
  from space 2560K, 99% used [0x00000000eb000000,0x00000000eb27e430,0x00000000eb280000)
  to   space 3072K, 0% used [0x00000000ead00000,0x00000000ead00000,0x00000000eb000000)
 ParOldGen       total 266240K, used 259319K [0x00000000c0000000, 0x00000000d0400000, 0x00000000eab00000)
  object space 266240K, 97% used [0x00000000c0000000,0x00000000cfd3dec8,0x00000000d0400000)
 Metaspace       used 84486K, committed 85504K, reserved 1130496K
  class space    used 8745K, committed 9216K, reserved 1048576K
}
Event: 2738.047 GC heap after
{Heap after GC invocations=1395 (full 26):
 PSYoungGen      total 3584K, used 1408K [0x00000000eab00000, 0x00000000eb100000, 0x0000000100000000)
  eden space 2048K, 0% used [0x00000000eab00000,0x00000000eab00000,0x00000000ead00000)
  from space 1536K, 91% used [0x00000000ead00000,0x00000000eae60010,0x00000000eae80000)
  to   space 2048K, 0% used [0x00000000eaf00000,0x00000000eaf00000,0x00000000eb100000)
 ParOldGen       total 266240K, used 261872K [0x00000000c0000000, 0x00000000d0400000, 0x00000000eab00000)
  object space 266240K, 98% used [0x00000000c0000000,0x00000000cffbc2f8,0x00000000d0400000)
 Metaspace       used 84486K, committed 85504K, reserved 1130496K
  class space    used 8745K, committed 9216K, reserved 1048576K
}
Event: 2738.061 GC heap before
{Heap before GC invocations=1396 (full 26):
 PSYoungGen      total 3584K, used 3456K [0x00000000eab00000, 0x00000000eb100000, 0x0000000100000000)
  eden space 2048K, 99% used [0x00000000eab00000,0x00000000eacffff0,0x00000000ead00000)
  from space 1536K, 91% used [0x00000000ead00000,0x00000000eae60010,0x00000000eae80000)
  to   space 2048K, 0% used [0x00000000eaf00000,0x00000000eaf00000,0x00000000eb100000)
 ParOldGen       total 266240K, used 261872K [0x00000000c0000000, 0x00000000d0400000, 0x00000000eab00000)
  object space 266240K, 98% used [0x00000000c0000000,0x00000000cffbc2f8,0x00000000d0400000)
 Metaspace       used 84486K, committed 85504K, reserved 1130496K
  class space    used 8745K, committed 9216K, reserved 1048576K
}
Event: 2738.067 GC heap after
{Heap after GC invocations=1396 (full 26):
 PSYoungGen      total 3072K, used 560K [0x00000000eab00000, 0x00000000eb000000, 0x0000000100000000)
  eden space 2048K, 0% used [0x00000000eab00000,0x00000000eab00000,0x00000000ead00000)
  from space 1024K, 54% used [0x00000000eaf00000,0x00000000eaf8c010,0x00000000eb000000)
  to   space 1024K, 0% used [0x00000000eae00000,0x00000000eae00000,0x00000000eaf00000)
 ParOldGen       total 266240K, used 263237K [0x00000000c0000000, 0x00000000d0400000, 0x00000000eab00000)
  object space 266240K, 98% used [0x00000000c0000000,0x00000000d0111798,0x00000000d0400000)
 Metaspace       used 84486K, committed 85504K, reserved 1130496K
  class space    used 8745K, committed 9216K, reserved 1048576K
}
Event: 2767.692 GC heap before
{Heap before GC invocations=1397 (full 26):
 PSYoungGen      total 3072K, used 2608K [0x00000000eab00000, 0x00000000eb000000, 0x0000000100000000)
  eden space 2048K, 100% used [0x00000000eab00000,0x00000000ead00000,0x00000000ead00000)
  from space 1024K, 54% used [0x00000000eaf00000,0x00000000eaf8c010,0x00000000eb000000)
  to   space 1024K, 0% used [0x00000000eae00000,0x00000000eae00000,0x00000000eaf00000)
 ParOldGen       total 266240K, used 263237K [0x00000000c0000000, 0x00000000d0400000, 0x00000000eab00000)
  object space 266240K, 98% used [0x00000000c0000000,0x00000000d0111798,0x00000000d0400000)
 Metaspace       used 84486K, committed 85504K, reserved 1130496K
  class space    used 8745K, committed 9216K, reserved 1048576K
}
Event: 2767.695 GC heap after
{Heap after GC invocations=1397 (full 26):
 PSYoungGen      total 3072K, used 128K [0x00000000eab00000, 0x00000000eaf80000, 0x0000000100000000)
  eden space 2048K, 0% used [0x00000000eab00000,0x00000000eab00000,0x00000000ead00000)
  from space 1024K, 12% used [0x00000000eae00000,0x00000000eae20000,0x00000000eaf00000)
  to   space 512K, 0% used [0x00000000eaf00000,0x00000000eaf00000,0x00000000eaf80000)
 ParOldGen       total 266240K, used 263779K [0x00000000c0000000, 0x00000000d0400000, 0x00000000eab00000)
  object space 266240K, 99% used [0x00000000c0000000,0x00000000d0198c38,0x00000000d0400000)
 Metaspace       used 84486K, committed 85504K, reserved 1130496K
  class space    used 8745K, committed 9216K, reserved 1048576K
}
Event: 13619.396 GC heap before
{Heap before GC invocations=1398 (full 26):
 PSYoungGen      total 3072K, used 2176K [0x00000000eab00000, 0x00000000eaf80000, 0x0000000100000000)
  eden space 2048K, 100% used [0x00000000eab00000,0x00000000ead00000,0x00000000ead00000)
  from space 1024K, 12% used [0x00000000eae00000,0x00000000eae20000,0x00000000eaf00000)
  to   space 512K, 0% used [0x00000000eaf00000,0x00000000eaf00000,0x00000000eaf80000)
 ParOldGen       total 266240K, used 263779K [0x00000000c0000000, 0x00000000d0400000, 0x00000000eab00000)
  object space 266240K, 99% used [0x00000000c0000000,0x00000000d0198c38,0x00000000d0400000)
 Metaspace       used 84486K, committed 85504K, reserved 1130496K
  class space    used 8745K, committed 9216K, reserved 1048576K
}
Event: 13619.408 GC heap after
{Heap after GC invocations=1398 (full 26):
 PSYoungGen      total 2560K, used 64K [0x00000000eab00000, 0x00000000eaf80000, 0x0000000100000000)
  eden space 2048K, 0% used [0x00000000eab00000,0x00000000eab00000,0x00000000ead00000)
  from space 512K, 12% used [0x00000000eaf00000,0x00000000eaf10000,0x00000000eaf80000)
  to   space 512K, 0% used [0x00000000eae80000,0x00000000eae80000,0x00000000eaf00000)
 ParOldGen       total 266240K, used 263875K [0x00000000c0000000, 0x00000000d0400000, 0x00000000eab00000)
  object space 266240K, 99% used [0x00000000c0000000,0x00000000d01b0c38,0x00000000d0400000)
 Metaspace       used 84486K, committed 85504K, reserved 1130496K
  class space    used 8745K, committed 9216K, reserved 1048576K
}
Event: 13624.217 GC heap before
{Heap before GC invocations=1399 (full 26):
 PSYoungGen      total 2560K, used 2111K [0x00000000eab00000, 0x00000000eaf80000, 0x0000000100000000)
  eden space 2048K, 99% used [0x00000000eab00000,0x00000000eacfff38,0x00000000ead00000)
  from space 512K, 12% used [0x00000000eaf00000,0x00000000eaf10000,0x00000000eaf80000)
  to   space 512K, 0% used [0x00000000eae80000,0x00000000eae80000,0x00000000eaf00000)
 ParOldGen       total 266240K, used 263875K [0x00000000c0000000, 0x00000000d0400000, 0x00000000eab00000)
  object space 266240K, 99% used [0x00000000c0000000,0x00000000d01b0c38,0x00000000d0400000)
 Metaspace       used 84514K, committed 85568K, reserved 1130496K
  class space    used 8751K, committed 9216K, reserved 1048576K
}
Event: 13624.220 GC heap after
{Heap after GC invocations=1399 (full 26):
 PSYoungGen      total 2560K, used 64K [0x00000000eab00000, 0x00000000eaf80000, 0x0000000100000000)
  eden space 2048K, 0% used [0x00000000eab00000,0x00000000eab00000,0x00000000ead00000)
  from space 512K, 12% used [0x00000000eae80000,0x00000000eae90000,0x00000000eaf00000)
  to   space 512K, 0% used [0x00000000eaf00000,0x00000000eaf00000,0x00000000eaf80000)
 ParOldGen       total 266240K, used 263891K [0x00000000c0000000, 0x00000000d0400000, 0x00000000eab00000)
  object space 266240K, 99% used [0x00000000c0000000,0x00000000d01b4c38,0x00000000d0400000)
 Metaspace       used 84514K, committed 85568K, reserved 1130496K
  class space    used 8751K, committed 9216K, reserved 1048576K
}

